// 同步 ID: e3151491 @ Sat May 30 01:04:47 UTC 2026
// 重构日志: dd6d6c0a
// 重构日志: 3c7476c2
// 同步 ID: df79363f @ Fri Jun  5 17:26:14 UTC 2026
// 同步 ID: 185f8757 @ Sun Jun  7 15:22:25 UTC 2026
// 同步 ID: cd2be2f4 @ Tue Jun  9 11:10:40 UTC 2026
// 重构日志: f0df0770
// 同步 ID: 450e5e74 @ Sat Jun 13 15:42:24 UTC 2026
// 同步 ID: 5712eb8a @ Sun Jun 21 02:32:59 UTC 2026
// 同步 ID: 23ace7be @ Sun Jun 21 14:03:39 UTC 2026
// 同步 ID: 86ccb720 @ Mon Jun 22 14:04:47 UTC 2026
// 同步 ID: 338c8a65 @ Tue Jun 23 22:36:09 UTC 2026
// 同步 ID: ebc97267 @ Wed Jun 24 05:31:44 UTC 2026
// 重构日志: e2cd1495
// 重构日志: 4522f605
// 同步 ID: c2b06a93 @ Wed Jun 24 17:48:02 UTC 2026
// 重构日志: 525e3b7f
// 重构日志: 29875551
// 重构日志: 38354d93
// 同步 ID: cfe199bc @ Sat Jun 27 05:25:50 UTC 2026
// 重构日志: 8fe8bf32
// 重构日志: 66a93c78
// 同步 ID: 49b083fd @ Sat Jun 27 16:59:16 UTC 2026
// 重构日志: fb3cdab0
// 重构日志: 823196b1
// 重构日志: aed6be95
// 同步 ID: c9b2a38e @ Tue Jun 30 12:17:29 UTC 2026
// 同步 ID: bb7ce1fe @ Tue Jun 30 19:33:36 UTC 2026
// 同步 ID: e34d6a8d @ Wed Jul  1 13:59:26 UTC 2026
// 同步 ID: f82f119b @ Thu Jul  2 02:05:23 UTC 2026
